<?xml version="1.0" encoding="UTF-8"?>
<!-- Generated by org.testng.reporters.JUnitReportReporter -->
<testsuite skipped="0" hostname="Rashi" name="com.app.tests.ProductDetailTest" tests="2" failures="0" timestamp="22 Jan 2019 05:20:43 GMT" time="6.563" errors="0">
  <testcase name="verifySocialButtons" time="4.465" classname="com.app.tests.ProductDetailTest"/>
  <testcase name="verifyPdtDescription" time="2.098" classname="com.app.tests.ProductDetailTest"/>
</testsuite> <!-- com.app.tests.ProductDetailTest -->
