<?xml version="1.0" encoding="UTF-8"?>
<!-- Generated by org.testng.reporters.JUnitReportReporter -->
<testsuite skipped="0" hostname="Rashi" name="com.app.tests.DressesPageTest" tests="5" failures="0" timestamp="22 Jan 2019 05:20:43 GMT" time="84.268" errors="0">
  <testcase name="verifySize" time="3.160" classname="com.app.tests.DressesPageTest"/>
  <testcase name="verifyProductCount" time="3.743" classname="com.app.tests.DressesPageTest"/>
  <testcase name="verifyAddToCart" time="4.355" classname="com.app.tests.DressesPageTest"/>
  <testcase name="verifyPriceInAscendingOrder" time="40.225" classname="com.app.tests.DressesPageTest"/>
  <testcase name="verifyProductNamesInAscendingOrder" time="32.785" classname="com.app.tests.DressesPageTest"/>
</testsuite> <!-- com.app.tests.DressesPageTest -->
