<?xml version="1.0" encoding="UTF-8"?>
<!-- Generated by org.testng.reporters.JUnitReportReporter -->
<testsuite skipped="0" hostname="Rashi" name="com.app.tests.HomePageTest" tests="4" failures="0" timestamp="22 Jan 2019 05:20:43 GMT" time="27.273" errors="0">
  <testcase name="verifyTabs" time="0.156" classname="com.app.tests.HomePageTest"/>
  <testcase name="Email" time="3.128" classname="com.app.tests.HomePageTest"/>
  <testcase name="verifyAddToCartButton" time="1.129" classname="com.app.tests.HomePageTest"/>
  <testcase name="verifypage" time="22.860" classname="com.app.tests.HomePageTest"/>
</testsuite> <!-- com.app.tests.HomePageTest -->
